<?xml version="1.0" encoding="UTF-8"?>
<!-- Generated by org.testng.reporters.JUnitReportReporter -->
<testsuite hostname="NAIM" failures="0" tests="3" name="openCart.functionalTests.R1dot1_TS002_LoginFunctionality" time="40.046" errors="0" timestamp="2023-11-09T03:21:46 EST" skipped="0">
  <testcase classname="openCart.functionalTests.R1dot1_TS002_LoginFunctionality" name="r1dot1_TS002_TC001" time="12.709"/>
  <system-out/>
  <testcase classname="openCart.functionalTests.R1dot1_TS002_LoginFunctionality" name="r1dot1_TS002_TC002" time="15.296"/>
  <system-out/>
  <testcase classname="openCart.functionalTests.R1dot1_TS002_LoginFunctionality" name="r1dot1_TS002_TC003" time="12.041"/>
  <system-out/>
</testsuite> <!-- openCart.functionalTests.R1dot1_TS002_LoginFunctionality -->
