<?xml version="1.0" encoding="UTF-8"?>
<!-- Generated by org.testng.reporters.JUnitReportReporter -->
<testsuite hostname="NAIM" failures="0" tests="5" name="openCart.functionalTests.R1dot2_TS005_ProductSearchFunctionality" time="77.791" errors="0" timestamp="2023-11-02T06:06:48 EDT" skipped="0">
  <testcase classname="openCart.functionalTests.R1dot2_TS005_ProductSearchFunctionality" name="r1dot2_TS005_TC001" time="19.727"/>
  <system-out/>
  <testcase classname="openCart.functionalTests.R1dot2_TS005_ProductSearchFunctionality" name="R1dot2_TS005_TC024" time="7.322"/>
  <system-out/>
  <testcase classname="openCart.functionalTests.R1dot2_TS005_ProductSearchFunctionality" name="R1dot2_TS005_TC024" time="13.021"/>
  <system-out/>
  <testcase classname="openCart.functionalTests.R1dot2_TS005_ProductSearchFunctionality" name="R1dot2_TS005_TC024" time="26.381"/>
  <system-out/>
  <testcase classname="openCart.functionalTests.R1dot2_TS005_ProductSearchFunctionality" name="R1dot2_TS005_TC024" time="11.340"/>
  <system-out/>
</testsuite> <!-- openCart.functionalTests.R1dot2_TS005_ProductSearchFunctionality -->
