<?xml version="1.0" encoding="UTF-8"?>
<!-- Generated by org.testng.reporters.JUnitReportReporter -->
<testsuite hostname="NAIM" failures="0" tests="2" name="openCart.functionalTests.R1dot1_TS004_ForgottenPasswordFunctionality" time="29.816" errors="0" timestamp="2023-10-31T17:33:31 EDT" skipped="0">
  <testcase classname="openCart.functionalTests.R1dot1_TS004_ForgottenPasswordFunctionality" name="r1dot1_TS004_TC001" time="13.248"/>
  <system-out/>
  <testcase classname="openCart.functionalTests.R1dot1_TS004_ForgottenPasswordFunctionality" name="r1dot1_TS004_TC002" time="16.568"/>
  <system-out/>
</testsuite> <!-- openCart.functionalTests.R1dot1_TS004_ForgottenPasswordFunctionality -->
