<?xml version="1.0" encoding="UTF-8"?>
<!-- Generated by org.testng.reporters.JUnitReportReporter -->
<testsuite hostname="NAIM" failures="0" tests="7" name="openCart.functionalTests.R1dot1_TS001_RegisterFunctionality" time="98.420" errors="0" timestamp="2023-11-02T06:06:48 EDT" skipped="0">
  <testcase classname="openCart.functionalTests.R1dot1_TS001_RegisterFunctionality" name="r1dot1_TS001_TC001" time="18.888"/>
  <system-out/>
  <testcase classname="openCart.functionalTests.R1dot1_TS001_RegisterFunctionality" name="r1dot1_TS001_TC003" time="16.765"/>
  <system-out/>
  <testcase classname="openCart.functionalTests.R1dot1_TS001_RegisterFunctionality" name="r1dot1_TS001_TC004" time="9.744"/>
  <system-out/>
  <testcase classname="openCart.functionalTests.R1dot1_TS001_RegisterFunctionality" name="r1dot1_TS001_TC005" time="12.891"/>
  <system-out/>
  <testcase classname="openCart.functionalTests.R1dot1_TS001_RegisterFunctionality" name="r1dot1_TS001_TC006" time="19.343"/>
  <system-out/>
  <testcase classname="openCart.functionalTests.R1dot1_TS001_RegisterFunctionality" name="r1dot1_TS001_TC029" time="11.377"/>
  <system-out/>
  <testcase classname="openCart.functionalTests.R1dot1_TS001_RegisterFunctionality" name="r1dot1_TS001_TC028" time="9.412"/>
  <system-out/>
</testsuite> <!-- openCart.functionalTests.R1dot1_TS001_RegisterFunctionality -->
