<?xml version="1.0" encoding="UTF-8"?>
<!-- Generated by org.testng.reporters.JUnitReportReporter -->
<testsuite hostname="NAIM" failures="0" tests="5" name="openCart.functionalTests.R1dot2_TS005_ProductSearchFunctionality" time="64.023" errors="0" timestamp="2023-11-09T03:21:46 EST" skipped="0">
  <testcase classname="openCart.functionalTests.R1dot2_TS005_ProductSearchFunctionality" name="r1dot2_TS005_TC001" time="12.911"/>
  <system-out/>
  <testcase classname="openCart.functionalTests.R1dot2_TS005_ProductSearchFunctionality" name="R1dot2_TS005_TC024" time="9.564"/>
  <system-out/>
  <testcase classname="openCart.functionalTests.R1dot2_TS005_ProductSearchFunctionality" name="R1dot2_TS005_TC024" time="11.883"/>
  <system-out/>
  <testcase classname="openCart.functionalTests.R1dot2_TS005_ProductSearchFunctionality" name="R1dot2_TS005_TC024" time="9.425"/>
  <system-out/>
  <testcase classname="openCart.functionalTests.R1dot2_TS005_ProductSearchFunctionality" name="R1dot2_TS005_TC024" time="20.240"/>
  <system-out/>
</testsuite> <!-- openCart.functionalTests.R1dot2_TS005_ProductSearchFunctionality -->
