<?xml version="1.0" encoding="UTF-8"?>
<!-- Generated by org.testng.reporters.JUnitReportReporter -->
<testsuite hostname="NAIM" failures="0" tests="1" name="openCart.functionalTests.R1dot2_TS006_ProductCompareFunctionality" time="40.431" errors="0" timestamp="2023-11-02T06:06:48 EDT" skipped="0">
  <testcase classname="openCart.functionalTests.R1dot2_TS006_ProductCompareFunctionality" name="r1dot2_TS006_TC001" time="40.431"/>
  <system-out/>
</testsuite> <!-- openCart.functionalTests.R1dot2_TS006_ProductCompareFunctionality -->
