<?xml version="1.0" encoding="UTF-8"?>
<!-- Generated by org.testng.reporters.JUnitReportReporter -->
<testsuite hostname="NAIM" failures="0" tests="7" name="openCart.functionalTests.R1dot1_TS001_RegisterFunctionality" time="184.764" errors="0" timestamp="2023-10-28T06:09:35 EDT" skipped="0">
  <testcase classname="openCart.functionalTests.R1dot1_TS001_RegisterFunctionality" name="r1dot1_TS001_TC001" time="38.641"/>
  <system-out/>
  <testcase classname="openCart.functionalTests.R1dot1_TS001_RegisterFunctionality" name="r1dot1_TS001_TC003" time="22.177"/>
  <system-out/>
  <testcase classname="openCart.functionalTests.R1dot1_TS001_RegisterFunctionality" name="r1dot1_TS001_TC004" time="41.905"/>
  <system-out/>
  <testcase classname="openCart.functionalTests.R1dot1_TS001_RegisterFunctionality" name="r1dot1_TS001_TC005" time="16.915"/>
  <system-out/>
  <testcase classname="openCart.functionalTests.R1dot1_TS001_RegisterFunctionality" name="r1dot1_TS001_TC006" time="29.896"/>
  <system-out/>
  <testcase classname="openCart.functionalTests.R1dot1_TS001_RegisterFunctionality" name="r1dot1_TS001_TC029" time="24.499"/>
  <system-out/>
  <testcase classname="openCart.functionalTests.R1dot1_TS001_RegisterFunctionality" name="r1dot1_TS001_TC028" time="10.731"/>
  <system-out/>
</testsuite> <!-- openCart.functionalTests.R1dot1_TS001_RegisterFunctionality -->
