<?xml version="1.0" encoding="UTF-8"?>
<!-- Generated by org.testng.reporters.JUnitReportReporter -->
<testsuite hostname="NAIM" failures="0" tests="5" name="openCart.functionalTests.R1dot2_TS005_ProductSearchFunctionality" time="61.064" errors="0" timestamp="2023-11-01T06:46:53 EDT" skipped="0">
  <testcase classname="openCart.functionalTests.R1dot2_TS005_ProductSearchFunctionality" name="r1dot2_TS005_TC001" time="17.869"/>
  <system-out/>
  <testcase classname="openCart.functionalTests.R1dot2_TS005_ProductSearchFunctionality" name="R1dot2_TS005_TC024" time="12.306"/>
  <system-out/>
  <testcase classname="openCart.functionalTests.R1dot2_TS005_ProductSearchFunctionality" name="R1dot2_TS005_TC024" time="9.131"/>
  <system-out/>
  <testcase classname="openCart.functionalTests.R1dot2_TS005_ProductSearchFunctionality" name="R1dot2_TS005_TC024" time="8.216"/>
  <system-out/>
  <testcase classname="openCart.functionalTests.R1dot2_TS005_ProductSearchFunctionality" name="R1dot2_TS005_TC024" time="13.542"/>
  <system-out/>
</testsuite> <!-- openCart.functionalTests.R1dot2_TS005_ProductSearchFunctionality -->
