<?xml version="1.0" encoding="UTF-8"?>
<!-- Generated by org.testng.reporters.JUnitReportReporter -->
<testsuite hostname="NAIM" failures="0" tests="1" name="openCart.functionalTests.Dratf" time="9.652" errors="0" timestamp="2023-10-28T05:37:23 EDT" skipped="0">
  <testcase classname="openCart.functionalTests.Dratf" name="draft" time="9.652"/>
  <system-out/>
</testsuite> <!-- openCart.functionalTests.Dratf -->
