<?xml version="1.0" encoding="UTF-8"?>
<!-- Generated by org.testng.reporters.JUnitReportReporter -->
<testsuite hostname="NAIM" failures="0" tests="7" name="openCart.functionalTests.R1dot1_TS001_RegisterFunctionality" time="83.185" errors="0" timestamp="2023-11-09T03:21:46 EST" skipped="0">
  <testcase classname="openCart.functionalTests.R1dot1_TS001_RegisterFunctionality" name="r1dot1_TS001_TC001" time="18.626"/>
  <system-out/>
  <testcase classname="openCart.functionalTests.R1dot1_TS001_RegisterFunctionality" name="r1dot1_TS001_TC003" time="14.591"/>
  <system-out/>
  <testcase classname="openCart.functionalTests.R1dot1_TS001_RegisterFunctionality" name="r1dot1_TS001_TC004" time="9.020"/>
  <system-out/>
  <testcase classname="openCart.functionalTests.R1dot1_TS001_RegisterFunctionality" name="r1dot1_TS001_TC005" time="11.799"/>
  <system-out/>
  <testcase classname="openCart.functionalTests.R1dot1_TS001_RegisterFunctionality" name="r1dot1_TS001_TC006" time="10.633"/>
  <system-out/>
  <testcase classname="openCart.functionalTests.R1dot1_TS001_RegisterFunctionality" name="r1dot1_TS001_TC029" time="8.246"/>
  <system-out/>
  <testcase classname="openCart.functionalTests.R1dot1_TS001_RegisterFunctionality" name="r1dot1_TS001_TC028" time="10.270"/>
  <system-out/>
</testsuite> <!-- openCart.functionalTests.R1dot1_TS001_RegisterFunctionality -->
