<?xml version="1.0" encoding="UTF-8"?>
<!-- Generated by org.testng.reporters.JUnitReportReporter -->
<testsuite hostname="NAIM" failures="0" tests="3" name="openCart.functionalTests.R1dot1_TS002_LoginFunctionality" time="27.824" errors="0" timestamp="2023-10-29T05:45:57 EDT" skipped="0">
  <testcase classname="openCart.functionalTests.R1dot1_TS002_LoginFunctionality" name="r1dot1_TS002_TC001" time="9.629"/>
  <system-out/>
  <testcase classname="openCart.functionalTests.R1dot1_TS002_LoginFunctionality" name="r1dot1_TS002_TC002" time="7.881"/>
  <system-out/>
  <testcase classname="openCart.functionalTests.R1dot1_TS002_LoginFunctionality" name="r1dot1_TS002_TC003" time="10.314"/>
  <system-out/>
</testsuite> <!-- openCart.functionalTests.R1dot1_TS002_LoginFunctionality -->
