<?xml version="1.0" encoding="UTF-8"?>
<!-- Generated by org.testng.reporters.JUnitReportReporter -->
<testsuite hostname="NAIM" failures="0" tests="1" name="openCart.functionalTests.Dratf" time="23.647" errors="0" timestamp="2023-11-09T05:12:37 EST" skipped="0">
  <testcase classname="openCart.functionalTests.Dratf" name="footerLink" time="23.647"/>
  <system-out/>
</testsuite> <!-- openCart.functionalTests.Dratf -->
