<?xml version="1.0" encoding="UTF-8"?>
<!-- Generated by org.testng.reporters.JUnitReportReporter -->
<testsuite hostname="NAIM" failures="0" tests="5" name="openCart.functionalTests.R1dot2_TS005_ProductSearchFunctionality" time="51.735" errors="0" timestamp="2023-10-31T17:33:31 EDT" skipped="0">
  <testcase classname="openCart.functionalTests.R1dot2_TS005_ProductSearchFunctionality" name="r1dot2_TS005_TC001" time="13.665"/>
  <system-out/>
  <testcase classname="openCart.functionalTests.R1dot2_TS005_ProductSearchFunctionality" name="R1dot2_TS005_TC024" time="10.234"/>
  <system-out/>
  <testcase classname="openCart.functionalTests.R1dot2_TS005_ProductSearchFunctionality" name="R1dot2_TS005_TC024" time="10.776"/>
  <system-out/>
  <testcase classname="openCart.functionalTests.R1dot2_TS005_ProductSearchFunctionality" name="R1dot2_TS005_TC024" time="9.361"/>
  <system-out/>
  <testcase classname="openCart.functionalTests.R1dot2_TS005_ProductSearchFunctionality" name="R1dot2_TS005_TC024" time="7.699"/>
  <system-out/>
</testsuite> <!-- openCart.functionalTests.R1dot2_TS005_ProductSearchFunctionality -->
