<?xml version="1.0" encoding="UTF-8"?>
<!-- Generated by org.testng.reporters.JUnitReportReporter -->
<testsuite hostname="NAIM" failures="0" tests="1" name="openCart.functionalTests.R1dot3_TS012_CheckoutFunctionality" time="7.511" errors="0" timestamp="2023-10-31T18:19:19 EDT" skipped="0">
  <testcase classname="openCart.functionalTests.R1dot3_TS012_CheckoutFunctionality" name="R1dot3_TS012_TC001" time="7.511"/>
  <system-out/>
</testsuite> <!-- openCart.functionalTests.R1dot3_TS012_CheckoutFunctionality -->
