<?xml version="1.0" encoding="UTF-8"?>
<!-- Generated by org.testng.reporters.JUnitReportReporter -->
<testsuite hostname="NAIM" failures="0" tests="1" name="openCart.functionalTests.R1dot2_TS006_ProductCompareFunctionality" time="22.786" errors="0" timestamp="2023-11-10T04:17:06 EST" skipped="0">
  <testcase classname="openCart.functionalTests.R1dot2_TS006_ProductCompareFunctionality" name="r1dot2_TS006_TC001" time="22.786"/>
  <system-out/>
</testsuite> <!-- openCart.functionalTests.R1dot2_TS006_ProductCompareFunctionality -->
