<?xml version="1.0" encoding="UTF-8"?>
<!-- Generated by org.testng.reporters.JUnitReportReporter -->
<testsuite hostname="NAIM" failures="0" tests="3" name="openCart.functionalTests.R1dot1_TS002_LoginFunctionality" time="43.375" errors="0" timestamp="2023-11-01T06:46:53 EDT" skipped="0">
  <testcase classname="openCart.functionalTests.R1dot1_TS002_LoginFunctionality" name="r1dot1_TS002_TC001" time="17.374"/>
  <system-out/>
  <testcase classname="openCart.functionalTests.R1dot1_TS002_LoginFunctionality" name="r1dot1_TS002_TC002" time="14.178"/>
  <system-out/>
  <testcase classname="openCart.functionalTests.R1dot1_TS002_LoginFunctionality" name="r1dot1_TS002_TC003" time="11.823"/>
  <system-out/>
</testsuite> <!-- openCart.functionalTests.R1dot1_TS002_LoginFunctionality -->
