<?xml version="1.0" encoding="UTF-8"?>
<!-- Generated by org.testng.reporters.JUnitReportReporter -->
<testsuite hostname="NAIM" failures="0" tests="2" name="openCart.functionalTests.R1dot3_TS008_AddToCartFunctionality" time="21.705" errors="0" timestamp="2023-11-10T04:22:17 EST" skipped="0">
  <testcase classname="openCart.functionalTests.R1dot3_TS008_AddToCartFunctionality" name="R1dot3_TS008_TC003" time="12.589"/>
  <system-out/>
  <testcase classname="openCart.functionalTests.R1dot3_TS008_AddToCartFunctionality" name="R1dot3_TS008_TC001" time="9.116"/>
  <system-out/>
</testsuite> <!-- openCart.functionalTests.R1dot3_TS008_AddToCartFunctionality -->
