<?xml version="1.0" encoding="UTF-8"?>
<!-- Generated by org.testng.reporters.JUnitReportReporter -->
<testsuite hostname="NAIM" failures="0" tests="3" name="openCart.functionalTests.R1dot1_TS002_LoginFunctionality" time="48.045" errors="0" timestamp="2023-11-02T06:06:48 EDT" skipped="0">
  <testcase classname="openCart.functionalTests.R1dot1_TS002_LoginFunctionality" name="r1dot1_TS002_TC001" time="15.242"/>
  <system-out/>
  <testcase classname="openCart.functionalTests.R1dot1_TS002_LoginFunctionality" name="r1dot1_TS002_TC002" time="20.997"/>
  <system-out/>
  <testcase classname="openCart.functionalTests.R1dot1_TS002_LoginFunctionality" name="r1dot1_TS002_TC003" time="11.806"/>
  <system-out/>
</testsuite> <!-- openCart.functionalTests.R1dot1_TS002_LoginFunctionality -->
