<?xml version="1.0" encoding="UTF-8"?>
<!-- Generated by org.testng.reporters.JUnitReportReporter -->
<testsuite hostname="NAIM" failures="0" tests="3" name="openCart.functionalTests.R1dot1_TS002_LoginFunctionality" time="35.548" errors="0" timestamp="2023-10-31T17:33:31 EDT" skipped="0">
  <testcase classname="openCart.functionalTests.R1dot1_TS002_LoginFunctionality" name="r1dot1_TS002_TC001" time="16.140"/>
  <system-out/>
  <testcase classname="openCart.functionalTests.R1dot1_TS002_LoginFunctionality" name="r1dot1_TS002_TC003" time="9.895"/>
  <system-out/>
  <testcase classname="openCart.functionalTests.R1dot1_TS002_LoginFunctionality" name="r1dot1_TS002_TC002" time="9.513"/>
  <system-out/>
</testsuite> <!-- openCart.functionalTests.R1dot1_TS002_LoginFunctionality -->
