<?xml version="1.0" encoding="UTF-8"?>
<!-- Generated by org.testng.reporters.JUnitReportReporter -->
<testsuite hostname="NAIM" failures="0" tests="2" name="openCart.functionalTests.R1dot1_TS004_ForgottenPasswordFunctionality" time="36.509" errors="0" timestamp="2023-11-09T03:21:46 EST" skipped="0">
  <testcase classname="openCart.functionalTests.R1dot1_TS004_ForgottenPasswordFunctionality" name="r1dot1_TS004_TC001" time="18.331"/>
  <system-out/>
  <testcase classname="openCart.functionalTests.R1dot1_TS004_ForgottenPasswordFunctionality" name="r1dot1_TS004_TC002" time="18.178"/>
  <system-out/>
</testsuite> <!-- openCart.functionalTests.R1dot1_TS004_ForgottenPasswordFunctionality -->
