<?xml version="1.0" encoding="UTF-8"?>
<!-- Generated by org.testng.reporters.JUnitReportReporter -->
<testsuite hostname="NAIM" failures="0" tests="7" name="openCart.functionalTests.R1dot1_TS001_RegisterFunctionality" time="75.462" errors="0" timestamp="2023-10-31T17:33:31 EDT" skipped="0">
  <testcase classname="openCart.functionalTests.R1dot1_TS001_RegisterFunctionality" name="r1dot1_TS001_TC001" time="15.334"/>
  <system-out/>
  <testcase classname="openCart.functionalTests.R1dot1_TS001_RegisterFunctionality" name="r1dot1_TS001_TC003" time="15.918"/>
  <system-out/>
  <testcase classname="openCart.functionalTests.R1dot1_TS001_RegisterFunctionality" name="r1dot1_TS001_TC004" time="7.768"/>
  <system-out/>
  <testcase classname="openCart.functionalTests.R1dot1_TS001_RegisterFunctionality" name="r1dot1_TS001_TC005" time="13.461"/>
  <system-out/>
  <testcase classname="openCart.functionalTests.R1dot1_TS001_RegisterFunctionality" name="r1dot1_TS001_TC006" time="8.578"/>
  <system-out/>
  <testcase classname="openCart.functionalTests.R1dot1_TS001_RegisterFunctionality" name="r1dot1_TS001_TC029" time="6.238"/>
  <system-out/>
  <testcase classname="openCart.functionalTests.R1dot1_TS001_RegisterFunctionality" name="r1dot1_TS001_TC028" time="8.165"/>
  <system-out/>
</testsuite> <!-- openCart.functionalTests.R1dot1_TS001_RegisterFunctionality -->
