<?xml version="1.0" encoding="UTF-8"?>
<!-- Generated by org.testng.reporters.JUnitReportReporter -->
<testsuite hostname="NAIM" failures="0" tests="7" name="openCart.functionalTests.R1dot1_TS001_RegisterFunctionality" time="84.776" errors="0" timestamp="2023-11-01T06:46:53 EDT" skipped="0">
  <testcase classname="openCart.functionalTests.R1dot1_TS001_RegisterFunctionality" name="r1dot1_TS001_TC001" time="19.261"/>
  <system-out/>
  <testcase classname="openCart.functionalTests.R1dot1_TS001_RegisterFunctionality" name="r1dot1_TS001_TC003" time="16.053"/>
  <system-out/>
  <testcase classname="openCart.functionalTests.R1dot1_TS001_RegisterFunctionality" name="r1dot1_TS001_TC004" time="10.443"/>
  <system-out/>
  <testcase classname="openCart.functionalTests.R1dot1_TS001_RegisterFunctionality" name="r1dot1_TS001_TC005" time="15.742"/>
  <system-out/>
  <testcase classname="openCart.functionalTests.R1dot1_TS001_RegisterFunctionality" name="r1dot1_TS001_TC006" time="6.493"/>
  <system-out/>
  <testcase classname="openCart.functionalTests.R1dot1_TS001_RegisterFunctionality" name="r1dot1_TS001_TC029" time="7.865"/>
  <system-out/>
  <testcase classname="openCart.functionalTests.R1dot1_TS001_RegisterFunctionality" name="r1dot1_TS001_TC028" time="8.919"/>
  <system-out/>
</testsuite> <!-- openCart.functionalTests.R1dot1_TS001_RegisterFunctionality -->
