<?xml version="1.0" encoding="UTF-8"?>
<!-- Generated by org.testng.reporters.JUnitReportReporter -->
<testsuite hostname="NAIM" failures="0" tests="1" name="openCart.functionalTests.R1dot3_TS009_WishListtFunctionality" time="13.238" errors="0" timestamp="2023-11-11T05:11:47 EST" skipped="0">
  <testcase classname="openCart.functionalTests.R1dot3_TS009_WishListtFunctionality" name="R1dot3_TS009_TC003" time="13.238"/>
  <system-out/>
</testsuite> <!-- openCart.functionalTests.R1dot3_TS009_WishListtFunctionality -->
