<?xml version="1.0" encoding="UTF-8"?>
<!-- Generated by org.testng.reporters.JUnitReportReporter -->
<testsuite hostname="NAIM" failures="0" tests="1" name="openCart.functionalTests.Dratf" time="9.400" errors="0" timestamp="2023-10-27T01:59:49 EDT" skipped="0">
  <testcase classname="openCart.functionalTests.Dratf" name="draft" time="9.400"/>
  <system-out/>
</testsuite> <!-- openCart.functionalTests.Dratf -->
