<?xml version="1.0" encoding="UTF-8"?>
<!-- Generated by org.testng.reporters.JUnitReportReporter -->
<testsuite hostname="NAIM" failures="0" tests="12" name="openCart.functionalTests.Dratf" time="107.503" errors="0" timestamp="2023-10-27T04:50:59 EDT" skipped="0">
  <testcase classname="openCart.functionalTests.Dratf" name="draft11" time="8.568"/>
  <system-out/>
  <testcase classname="openCart.functionalTests.Dratf" name="draft" time="8.946"/>
  <system-out/>
  <testcase classname="openCart.functionalTests.Dratf" name="draft6" time="9.240"/>
  <system-out/>
  <testcase classname="openCart.functionalTests.Dratf" name="draft1" time="8.657"/>
  <system-out/>
  <testcase classname="openCart.functionalTests.Dratf" name="draft3" time="8.857"/>
  <system-out/>
  <testcase classname="openCart.functionalTests.Dratf" name="draft2" time="8.441"/>
  <system-out/>
  <testcase classname="openCart.functionalTests.Dratf" name="draft4" time="8.348"/>
  <system-out/>
  <testcase classname="openCart.functionalTests.Dratf" name="draft5" time="9.104"/>
  <system-out/>
  <testcase classname="openCart.functionalTests.Dratf" name="draft10" time="10.233"/>
  <system-out/>
  <testcase classname="openCart.functionalTests.Dratf" name="draft9" time="9.680"/>
  <system-out/>
  <testcase classname="openCart.functionalTests.Dratf" name="draft8" time="8.793"/>
  <system-out/>
  <testcase classname="openCart.functionalTests.Dratf" name="draft7" time="8.636"/>
  <system-out/>
</testsuite> <!-- openCart.functionalTests.Dratf -->
