<?xml version="1.0" encoding="UTF-8"?>
<!-- Generated by org.testng.reporters.JUnitReportReporter -->
<testsuite hostname="NAIM" failures="0" tests="2" name="openCart.functionalTests.R1dot3_TS012_CheckoutFunctionality" time="28.649" errors="0" timestamp="2023-11-09T03:21:46 EST" skipped="0">
  <testcase classname="openCart.functionalTests.R1dot3_TS012_CheckoutFunctionality" name="R1dot3_TS012_TC001" time="12.499"/>
  <system-out/>
  <testcase classname="openCart.functionalTests.R1dot3_TS012_CheckoutFunctionality" name="R1dot3_TS012_TC015" time="16.150"/>
  <system-out/>
</testsuite> <!-- openCart.functionalTests.R1dot3_TS012_CheckoutFunctionality -->
